<?xml version="1.0" encoding="UTF-8"?>
<testng-results skipped="0" failed="0" total="3" passed="3">
  <reporter-output>
  </reporter-output>
  <suite name="Suite" duration-ms="730765" started-at="2020-10-09T05:30:54Z" finished-at="2020-10-09T05:43:05Z">
    <groups>
    </groups>
    <test name="Test1" duration-ms="171418" started-at="2020-10-09T05:30:54Z" finished-at="2020-10-09T05:33:46Z">
      <class name="Modules.AssurantHealth.TestScript.TC_Verify_Purchase_Functionality">
        <test-method status="PASS" signature="beforeTest(java.lang.String)[pri:0, instance:Modules.AssurantHealth.TestScript.TC_Verify_Purchase_Functionality@18eed359]" name="beforeTest" is-config="true" duration-ms="25456" started-at="2020-10-09T11:00:54Z" finished-at="2020-10-09T11:01:20Z">
          <params>
            <param index="0">
              <value>
                <![CDATA[FireFox]]>
              </value>
            </param>
          </params>
          <reporter-output>
          </reporter-output>
        </test-method> <!-- beforeTest -->
        <test-method status="PASS" signature="f()[pri:0, instance:Modules.AssurantHealth.TestScript.TC_Verify_Purchase_Functionality@18eed359]" name="f" duration-ms="143356" started-at="2020-10-09T11:01:20Z" finished-at="2020-10-09T11:03:43Z">
          <reporter-output>
          </reporter-output>
        </test-method> <!-- f -->
        <test-method status="PASS" signature="afterTest()[pri:0, instance:Modules.AssurantHealth.TestScript.TC_Verify_Purchase_Functionality@18eed359]" name="afterTest" is-config="true" duration-ms="2554" started-at="2020-10-09T11:03:43Z" finished-at="2020-10-09T11:03:46Z">
          <reporter-output>
          </reporter-output>
        </test-method> <!-- afterTest -->
      </class> <!-- Modules.AssurantHealth.TestScript.TC_Verify_Purchase_Functionality -->
    </test> <!-- Test1 -->
    <test name="Test2" duration-ms="393061" started-at="2020-10-09T05:33:46Z" finished-at="2020-10-09T05:40:19Z">
      <class name="Modules.AssurantHealth.TestScript.TC_Verify_Purchase_Functionality">
        <test-method status="PASS" signature="beforeTest(java.lang.String)[pri:0, instance:Modules.AssurantHealth.TestScript.TC_Verify_Purchase_Functionality@887af79]" name="beforeTest" is-config="true" duration-ms="6494" started-at="2020-10-09T11:03:46Z" finished-at="2020-10-09T11:03:52Z">
          <params>
            <param index="0">
              <value>
                <![CDATA[InternetExplorer]]>
              </value>
            </param>
          </params>
          <reporter-output>
          </reporter-output>
        </test-method> <!-- beforeTest -->
        <test-method status="PASS" signature="f()[pri:0, instance:Modules.AssurantHealth.TestScript.TC_Verify_Purchase_Functionality@887af79]" name="f" duration-ms="385961" started-at="2020-10-09T11:03:52Z" finished-at="2020-10-09T11:10:18Z">
          <reporter-output>
          </reporter-output>
        </test-method> <!-- f -->
        <test-method status="PASS" signature="afterTest()[pri:0, instance:Modules.AssurantHealth.TestScript.TC_Verify_Purchase_Functionality@887af79]" name="afterTest" is-config="true" duration-ms="598" started-at="2020-10-09T11:10:18Z" finished-at="2020-10-09T11:10:19Z">
          <reporter-output>
          </reporter-output>
        </test-method> <!-- afterTest -->
      </class> <!-- Modules.AssurantHealth.TestScript.TC_Verify_Purchase_Functionality -->
    </test> <!-- Test2 -->
    <test name="Test3" duration-ms="166189" started-at="2020-10-09T05:40:19Z" finished-at="2020-10-09T05:43:05Z">
      <class name="Modules.AssurantHealth.TestScript.TC_Verify_Purchase_Functionality">
        <test-method status="PASS" signature="beforeTest(java.lang.String)[pri:0, instance:Modules.AssurantHealth.TestScript.TC_Verify_Purchase_Functionality@3dd4520b]" name="beforeTest" is-config="true" duration-ms="15370" started-at="2020-10-09T11:10:19Z" finished-at="2020-10-09T11:10:34Z">
          <params>
            <param index="0">
              <value>
                <![CDATA[Chrome]]>
              </value>
            </param>
          </params>
          <reporter-output>
          </reporter-output>
        </test-method> <!-- beforeTest -->
        <test-method status="PASS" signature="f()[pri:0, instance:Modules.AssurantHealth.TestScript.TC_Verify_Purchase_Functionality@3dd4520b]" name="f" duration-ms="149891" started-at="2020-10-09T11:10:34Z" finished-at="2020-10-09T11:13:04Z">
          <reporter-output>
          </reporter-output>
        </test-method> <!-- f -->
        <test-method status="PASS" signature="afterTest()[pri:0, instance:Modules.AssurantHealth.TestScript.TC_Verify_Purchase_Functionality@3dd4520b]" name="afterTest" is-config="true" duration-ms="920" started-at="2020-10-09T11:13:04Z" finished-at="2020-10-09T11:13:05Z">
          <reporter-output>
          </reporter-output>
        </test-method> <!-- afterTest -->
      </class> <!-- Modules.AssurantHealth.TestScript.TC_Verify_Purchase_Functionality -->
    </test> <!-- Test3 -->
  </suite> <!-- Suite -->
</testng-results>
