<?xml version="1.0" encoding="UTF-8"?>
<!-- Generated by org.testng.reporters.JUnitXMLReporter -->
<testsuite hostname="a" name="Module 2" tests="4" failures="0" timestamp="8 Aug 2020 06:15:05 GMT" time="0.047" errors="0">
  <testcase name="test1" time="0.003" classname="basicAnnotations.TestNGClass3"/>
  <testcase name="test2" time="0.005" classname="basicAnnotations.TestNGClass3"/>
  <testcase name="test1" time="0.003" classname="basicAnnotations.TestNGClass4"/>
  <testcase name="test2" time="0.004" classname="basicAnnotations.TestNGClass4"/>
</testsuite> <!-- Module 2 -->
