<?xml version="1.0" encoding="UTF-8"?>
<!-- Generated by org.testng.reporters.JUnitXMLReporter -->
<testsuite hostname="a" name="Module 1" tests="5" failures="0" timestamp="8 Aug 2020 06:15:05 GMT" time="0.123" errors="0">
  <testcase name="test1" time="0.018" classname="basicAnnotations.TestNGFirstClass"/>
  <testcase name="test2" time="0.016" classname="basicAnnotations.TestNGFirstClass"/>
  <testcase name="test3" time="0.006" classname="basicAnnotations.TestNGFirstClass"/>
  <testcase name="test1" time="0.003" classname="basicAnnotations.TestNGClass2"/>
  <testcase name="test2" time="0.009" classname="basicAnnotations.TestNGClass2"/>
</testsuite> <!-- Module 1 -->
