<?xml version="1.0" encoding="UTF-8"?>
<!-- Generated by org.testng.reporters.JUnitXMLReporter -->
<testsuite hostname="a" name="Test" tests="34" failures="0" timestamp="21 Aug 2020 08:28:58 GMT" time="264.641" errors="0">
  <testcase name="verifyIsHomepageVisible" time="25.993" classname="testScripts.HomePage.HomePage"/>
  <testcase name="verifyHomepagetext" time="1.777" classname="testScripts.HomePage.HomePage"/>
  <testcase name="verifyIsSearchsupportClickable" time="28.754" classname="testScripts.HomePage.HomePage"/>
  <testcase name="verifyIsVisitsupportClickable" time="17.961" classname="testScripts.HomePage.HomePage"/>
  <testcase name="verifyIsAutomobileClickable" time="4.02" classname="testScripts.HomePage.HomePage"/>
  <testcase name="verifyIsTruckClickable" time="3.245" classname="testScripts.HomePage.HomePage"/>
  <testcase name="verifyIsMotorcycleClickable" time="3.387" classname="testScripts.HomePage.HomePage"/>
  <testcase name="verifyIsCamperClickable" time="3.874" classname="testScripts.HomePage.HomePage"/>
  <testcase name="verifyIsTricentis_aboutClickable" time="14.202" classname="testScripts.HomePage.HomePage"/>
  <testcase name="verifyIsTricentis_productsClickable" time="9.26" classname="testScripts.HomePage.HomePage"/>
  <testcase name="verifyIsTricentis_eventsClickable" time="8.378" classname="testScripts.HomePage.HomePage"/>
  <testcase name="verifyIsTricentis_resourcesClickable" time="9.146" classname="testScripts.HomePage.HomePage"/>
  <testcase name="verifyIsTricentis_servicesClickable" time="6.304" classname="testScripts.HomePage.HomePage"/>
  <testcase name="verifyIsNav_facebookClickable" time="4.556" classname="testScripts.HomePage.HomePage"/>
  <testcase name="verifyIsNav_twitterClickable" time="4.459" classname="testScripts.HomePage.HomePage"/>
  <testcase name="verifyIsNav_googleClickable" time="4.392" classname="testScripts.HomePage.HomePage"/>
  <testcase name="verifyIsSelectpriceoptionVisible" time="8.365" classname="testScripts.Motorcycle.SelectPriceOption"/>
  <testcase name="verifyIsSelectpriceoptiontext" time="0.814" classname="testScripts.Motorcycle.SelectPriceOption"/>
  <testcase name="verifyIsSelectpriceoptionClickable" time="0.78" classname="testScripts.Motorcycle.SelectPriceOption"/>
  <testcase name="verifyIsSelectpriceoption1text" time="0.268" classname="testScripts.Motorcycle.SelectPriceOption"/>
  <testcase name="verifyIsSelectpriceoption1Clickable" time="0.319" classname="testScripts.Motorcycle.SelectPriceOption"/>
  <testcase name="enterandVerifySendQuotesPage" time="9.396" classname="testScripts.Motorcycle.SendQuote"/>
  <testcase name="verifyIsCommentsVisible" time="0.027" classname="testScripts.Motorcycle.SendQuote"/>
  <testcase name="verifyIsConfirmpasswordVisible" time="0.03" classname="testScripts.Motorcycle.SendQuote"/>
  <testcase name="verifyIsEmailVisible" time="0.031" classname="testScripts.Motorcycle.SendQuote"/>
  <testcase name="verifyIsMainpageVisible" time="0.029" classname="testScripts.Motorcycle.SendQuote"/>
  <testcase name="verifyIsNewautomobileinsuranceVisible" time="0.03" classname="testScripts.Motorcycle.SendQuote"/>
  <testcase name="verifyIsNewcamperinsuranceVisible" time="0.028" classname="testScripts.Motorcycle.SendQuote"/>
  <testcase name="verifyIsNewtruckinsuranceVisible" time="0.03" classname="testScripts.Motorcycle.SendQuote"/>
  <testcase name="verifyIsPasswordVisible" time="0.031" classname="testScripts.Motorcycle.SendQuote"/>
  <testcase name="verifyIsPhoneVisible" time="0.031" classname="testScripts.Motorcycle.SendQuote"/>
  <testcase name="verifyIsPrevVisible" time="0.031" classname="testScripts.Motorcycle.SendQuote"/>
  <testcase name="verifyIsSendemailVisible" time="0.027" classname="testScripts.Motorcycle.SendQuote"/>
  <testcase name="verifyIsUsernameVisible" time="0.028" classname="testScripts.Motorcycle.SendQuote"/>
</testsuite> <!-- Test -->
