<?xml version="1.0" encoding="UTF-8"?>
<!-- Generated by org.testng.reporters.JUnitXMLReporter -->
<testsuite hostname="a" name="Test" tests="34" failures="0" timestamp="20 Sep 2020 11:48:47 GMT" time="0.346" errors="0">
  <testcase name="@BeforeTest launchBrowser" time="0.0" classname="testScripts.Motorcycle.PreconditionMotorcycle">
    <failure type="java.lang.NullPointerException">
      <![CDATA[java.lang.NullPointerException
	at testScripts.Motorcycle.PreconditionMotorcycle.launchBrowser(PreconditionMotorcycle.java:31)
... Removed 23 stack frames]]>
    </failure>
  </testcase> <!-- @BeforeTest launchBrowser -->
  <testcase name="@BeforeClass launchBrowser" time="0.0" classname="testScripts.HomePage.HomePage">
    <skipped/>
  </testcase> <!-- @BeforeClass launchBrowser -->
  <testcase name="@BeforeClass beforeProductData" time="0.0" classname="testScripts.Motorcycle.SelectPriceOption">
    <skipped/>
  </testcase> <!-- @BeforeClass beforeProductData -->
  <testcase name="@BeforeClass beforeProductData" time="0.0" classname="testScripts.Motorcycle.SendQuote">
    <skipped/>
  </testcase> <!-- @BeforeClass beforeProductData -->
  <testcase name="@AfterTest quitBrower" time="0.0" classname="testScripts.Motorcycle.PreconditionMotorcycle">
    <skipped/>
  </testcase> <!-- @AfterTest quitBrower -->
  <testcase name="verifyIsHomepageVisible" time="0.004" classname="testScripts.HomePage.HomePage">
    <skipped/>
  </testcase> <!-- verifyIsHomepageVisible -->
  <testcase name="verifyHomepagetext" time="0.003" classname="testScripts.HomePage.HomePage">
    <skipped/>
  </testcase> <!-- verifyHomepagetext -->
  <testcase name="verifyIsSearchsupportClickable" time="0.005" classname="testScripts.HomePage.HomePage">
    <skipped/>
  </testcase> <!-- verifyIsSearchsupportClickable -->
  <testcase name="verifyIsVisitsupportClickable" time="0.004" classname="testScripts.HomePage.HomePage">
    <skipped/>
  </testcase> <!-- verifyIsVisitsupportClickable -->
  <testcase name="verifyIsAutomobileClickable" time="0.004" classname="testScripts.HomePage.HomePage">
    <skipped/>
  </testcase> <!-- verifyIsAutomobileClickable -->
  <testcase name="verifyIsTruckClickable" time="0.004" classname="testScripts.HomePage.HomePage">
    <skipped/>
  </testcase> <!-- verifyIsTruckClickable -->
  <testcase name="verifyIsMotorcycleClickable" time="0.003" classname="testScripts.HomePage.HomePage">
    <skipped/>
  </testcase> <!-- verifyIsMotorcycleClickable -->
  <testcase name="verifyIsCamperClickable" time="0.005" classname="testScripts.HomePage.HomePage">
    <skipped/>
  </testcase> <!-- verifyIsCamperClickable -->
  <testcase name="verifyIsTricentis_aboutClickable" time="0.002" classname="testScripts.HomePage.HomePage">
    <skipped/>
  </testcase> <!-- verifyIsTricentis_aboutClickable -->
  <testcase name="verifyIsTricentis_productsClickable" time="0.002" classname="testScripts.HomePage.HomePage">
    <skipped/>
  </testcase> <!-- verifyIsTricentis_productsClickable -->
  <testcase name="verifyIsTricentis_eventsClickable" time="0.002" classname="testScripts.HomePage.HomePage">
    <skipped/>
  </testcase> <!-- verifyIsTricentis_eventsClickable -->
  <testcase name="verifyIsTricentis_resourcesClickable" time="0.002" classname="testScripts.HomePage.HomePage">
    <skipped/>
  </testcase> <!-- verifyIsTricentis_resourcesClickable -->
  <testcase name="verifyIsTricentis_servicesClickable" time="0.007" classname="testScripts.HomePage.HomePage">
    <skipped/>
  </testcase> <!-- verifyIsTricentis_servicesClickable -->
  <testcase name="verifyIsNav_facebookClickable" time="0.001" classname="testScripts.HomePage.HomePage">
    <skipped/>
  </testcase> <!-- verifyIsNav_facebookClickable -->
  <testcase name="verifyIsNav_twitterClickable" time="0.002" classname="testScripts.HomePage.HomePage">
    <skipped/>
  </testcase> <!-- verifyIsNav_twitterClickable -->
  <testcase name="verifyIsNav_googleClickable" time="0.002" classname="testScripts.HomePage.HomePage">
    <skipped/>
  </testcase> <!-- verifyIsNav_googleClickable -->
  <testcase name="verifyIsSelectpriceoptionVisible" time="0.002" classname="testScripts.Motorcycle.SelectPriceOption">
    <skipped/>
  </testcase> <!-- verifyIsSelectpriceoptionVisible -->
  <testcase name="verifyIsSelectpriceoptiontext" time="0.001" classname="testScripts.Motorcycle.SelectPriceOption">
    <skipped/>
  </testcase> <!-- verifyIsSelectpriceoptiontext -->
  <testcase name="verifyIsSelectpriceoptionClickable" time="0.001" classname="testScripts.Motorcycle.SelectPriceOption">
    <skipped/>
  </testcase> <!-- verifyIsSelectpriceoptionClickable -->
  <testcase name="verifyIsSelectpriceoption1text" time="0.001" classname="testScripts.Motorcycle.SelectPriceOption">
    <skipped/>
  </testcase> <!-- verifyIsSelectpriceoption1text -->
  <testcase name="verifyIsSelectpriceoption1Clickable" time="0.003" classname="testScripts.Motorcycle.SelectPriceOption">
    <skipped/>
  </testcase> <!-- verifyIsSelectpriceoption1Clickable -->
  <testcase name="enterandVerifySendQuotesPage" time="0.002" classname="testScripts.Motorcycle.SendQuote">
    <skipped/>
  </testcase> <!-- enterandVerifySendQuotesPage -->
  <testcase name="verifyIsCommentsVisible" time="0.005" classname="testScripts.Motorcycle.SendQuote">
    <skipped/>
  </testcase> <!-- verifyIsCommentsVisible -->
  <testcase name="verifyIsConfirmpasswordVisible" time="0.004" classname="testScripts.Motorcycle.SendQuote">
    <skipped/>
  </testcase> <!-- verifyIsConfirmpasswordVisible -->
  <testcase name="verifyIsEmailVisible" time="0.006" classname="testScripts.Motorcycle.SendQuote">
    <skipped/>
  </testcase> <!-- verifyIsEmailVisible -->
  <testcase name="verifyIsMainpageVisible" time="0.006" classname="testScripts.Motorcycle.SendQuote">
    <skipped/>
  </testcase> <!-- verifyIsMainpageVisible -->
  <testcase name="verifyIsNewautomobileinsuranceVisible" time="0.002" classname="testScripts.Motorcycle.SendQuote">
    <skipped/>
  </testcase> <!-- verifyIsNewautomobileinsuranceVisible -->
  <testcase name="verifyIsNewcamperinsuranceVisible" time="0.002" classname="testScripts.Motorcycle.SendQuote">
    <skipped/>
  </testcase> <!-- verifyIsNewcamperinsuranceVisible -->
  <testcase name="verifyIsNewtruckinsuranceVisible" time="0.004" classname="testScripts.Motorcycle.SendQuote">
    <skipped/>
  </testcase> <!-- verifyIsNewtruckinsuranceVisible -->
  <testcase name="verifyIsPasswordVisible" time="0.002" classname="testScripts.Motorcycle.SendQuote">
    <skipped/>
  </testcase> <!-- verifyIsPasswordVisible -->
  <testcase name="verifyIsPhoneVisible" time="0.003" classname="testScripts.Motorcycle.SendQuote">
    <skipped/>
  </testcase> <!-- verifyIsPhoneVisible -->
  <testcase name="verifyIsPrevVisible" time="0.003" classname="testScripts.Motorcycle.SendQuote">
    <skipped/>
  </testcase> <!-- verifyIsPrevVisible -->
  <testcase name="verifyIsSendemailVisible" time="0.001" classname="testScripts.Motorcycle.SendQuote">
    <skipped/>
  </testcase> <!-- verifyIsSendemailVisible -->
  <testcase name="verifyIsUsernameVisible" time="0.001" classname="testScripts.Motorcycle.SendQuote">
    <skipped/>
  </testcase> <!-- verifyIsUsernameVisible -->
</testsuite> <!-- Test -->
