<?xml version="1.0" encoding="UTF-8"?>
<!-- Generated by org.testng.reporters.JUnitXMLReporter -->
<testsuite hostname="a" name="Test" tests="32" failures="0" timestamp="21 Aug 2020 07:38:51 GMT" time="28.702" errors="0">
  <testcase name="hobbiesOptionsVisible" time="0.0" classname="testScripts.Motorcycle.EnterInsuranceDataPrachee">
    <skipped/>
  </testcase> <!-- hobbiesOptionsVisible -->
  <testcase name="invalidWebsitentry" time="0.0" classname="testScripts.Motorcycle.EnterInsuranceDataPrachee">
    <skipped/>
  </testcase> <!-- invalidWebsitentry -->
  <testcase name="isHobbiesCheckBoxVisible" time="0.115" classname="testScripts.Motorcycle.EnterInsuranceDataPrachee"/>
  <testcase name="isHobbiesLabelVisible" time="0.047" classname="testScripts.Motorcycle.EnterInsuranceDataPrachee"/>
  <testcase name="isNextButtonVisible" time="0.029" classname="testScripts.Motorcycle.EnterInsuranceDataPrachee"/>
  <testcase name="isPictureLabelVisible" time="0.029" classname="testScripts.Motorcycle.EnterInsuranceDataPrachee"/>
  <testcase name="isPrevButtonVisible" time="0.029" classname="testScripts.Motorcycle.EnterInsuranceDataPrachee"/>
  <testcase name="isWebsiteLabelVisible" time="0.031" classname="testScripts.Motorcycle.EnterInsuranceDataPrachee"/>
  <testcase name="isWebsiteTextBoxVisible" time="0.029" classname="testScripts.Motorcycle.EnterInsuranceDataPrachee"/>
  <testcase name="validHobbiesSelection" time="0.24" classname="testScripts.Motorcycle.EnterInsuranceDataPrachee"/>
  <testcase name="validWebsiteEntry" time="0.0" classname="testScripts.Motorcycle.EnterInsuranceDataPrachee">
    <skipped/>
  </testcase> <!-- validWebsiteEntry -->
  <testcase name="verifyNextButtonText" time="0.067" classname="testScripts.Motorcycle.EnterInsuranceDataPrachee"/>
  <testcase name="verifyOnClickPrevButton" time="0.439" classname="testScripts.Motorcycle.EnterInsuranceDataPrachee"/>
  <testcase name="verifyPrevButtonText" time="0.071" classname="testScripts.Motorcycle.EnterInsuranceDataPrachee"/>
  <testcase name="verifyOnClickNextButton" time="0.291" classname="testScripts.Motorcycle.EnterInsuranceDataPrachee"/>
  <testcase name="checkNextLabelInsSum" time="0.131" classname="testScripts.Motorcycle.EnterProductDataPrachee"/>
  <testcase name="damageInsuranceLabelVisible" time="0.033" classname="testScripts.Motorcycle.EnterProductDataPrachee"/>
  <testcase name="isCalendarButtonClickable" time="0.199" classname="testScripts.Motorcycle.EnterProductDataPrachee"/>
  <testcase name="isDamageInsuranceDropDownVisible" time="0.035" classname="testScripts.Motorcycle.EnterProductDataPrachee"/>
  <testcase name="isInsuranceSumDropDownVisible" time="0.034" classname="testScripts.Motorcycle.EnterProductDataPrachee"/>
  <testcase name="isInsuranceSumLabelVisible" time="0.046" classname="testScripts.Motorcycle.EnterProductDataPrachee"/>
  <testcase name="isNextButtonVisible" time="0.045" classname="testScripts.Motorcycle.EnterProductDataPrachee"/>
  <testcase name="isOptionalProductTextBoxVisible" time="0.044" classname="testScripts.Motorcycle.EnterProductDataPrachee"/>
  <testcase name="isOptionalProductsLabelVisible" time="0.045" classname="testScripts.Motorcycle.EnterProductDataPrachee"/>
  <testcase name="isPrevButtonVisible" time="0.04" classname="testScripts.Motorcycle.EnterProductDataPrachee"/>
  <testcase name="isStartDateLabelVisible" time="0.02" classname="testScripts.Motorcycle.EnterProductDataPrachee"/>
  <testcase name="isStartDateTextBoxVisible" time="0.037" classname="testScripts.Motorcycle.EnterProductDataPrachee"/>
  <testcase name="validDamageInsuranceDropDownSelection" time="0.188" classname="testScripts.Motorcycle.EnterProductDataPrachee"/>
  <testcase name="validInsuranceDropDown" time="0.202" classname="testScripts.Motorcycle.EnterProductDataPrachee"/>
  <testcase name="validStartDateText" time="0.513" classname="testScripts.Motorcycle.EnterProductDataPrachee"/>
  <testcase name="verifyNextButtonText" time="0.058" classname="testScripts.Motorcycle.EnterProductDataPrachee"/>
  <testcase name="verifyPrevButtonText" time="0.06" classname="testScripts.Motorcycle.EnterProductDataPrachee"/>
</testsuite> <!-- Test -->
