<?xml version="1.0" encoding="UTF-8"?>
<!-- Generated by org.testng.reporters.JUnitXMLReporter -->
<testsuite hostname="a" name="HomePage" tests="16" failures="0" timestamp="27 Aug 2020 07:03:52 GMT" time="188.033" errors="0">
  <testcase name="verifyIsHomepageVisible" time="1.546" classname="testScripts.HomePage.HomePage"/>
  <testcase name="verifyHomepagetext" time="1.938" classname="testScripts.HomePage.HomePage"/>
  <testcase name="verifyIsSearchsupportClickable" time="27.537" classname="testScripts.HomePage.HomePage"/>
  <testcase name="verifyIsVisitsupportClickable" time="4.465" classname="testScripts.HomePage.HomePage"/>
  <testcase name="verifyIsAutomobileClickable" time="8.575" classname="testScripts.HomePage.HomePage"/>
  <testcase name="verifyIsTruckClickable" time="3.255" classname="testScripts.HomePage.HomePage"/>
  <testcase name="verifyIsMotorcycleClickable" time="3.542" classname="testScripts.HomePage.HomePage"/>
  <testcase name="verifyIsCamperClickable" time="5.254" classname="testScripts.HomePage.HomePage"/>
  <testcase name="verifyIsTricentis_aboutClickable" time="19.619" classname="testScripts.HomePage.HomePage"/>
  <testcase name="verifyIsTricentis_productsClickable" time="6.717" classname="testScripts.HomePage.HomePage"/>
  <testcase name="verifyIsTricentis_eventsClickable" time="10.839" classname="testScripts.HomePage.HomePage"/>
  <testcase name="verifyIsTricentis_resourcesClickable" time="9.135" classname="testScripts.HomePage.HomePage"/>
  <testcase name="verifyIsTricentis_servicesClickable" time="7.46" classname="testScripts.HomePage.HomePage"/>
  <testcase name="verifyIsNav_facebookClickable" time="6.365" classname="testScripts.HomePage.HomePage"/>
  <testcase name="verifyIsNav_twitterClickable" time="5.663" classname="testScripts.HomePage.HomePage"/>
  <testcase name="verifyIsNav_googleClickable" time="5.616" classname="testScripts.HomePage.HomePage"/>
</testsuite> <!-- HomePage -->
