<?xml version="1.0" encoding="UTF-8"?>
<testng-results skipped="0" failed="0" total="9" passed="9">
  <reporter-output>
  </reporter-output>
  <suite name="Suite" duration-ms="258" started-at="2020-08-08T06:15:05Z" finished-at="2020-08-08T06:15:05Z">
    <groups>
    </groups>
    <test name="Module 1" duration-ms="123" started-at="2020-08-08T06:15:05Z" finished-at="2020-08-08T06:15:05Z">
      <class name="basicAnnotations.TestNGFirstClass">
        <test-method status="PASS" signature="beforeClass()[pri:0, instance:basicAnnotations.TestNGFirstClass@2669b199]" name="beforeClass" is-config="true" duration-ms="0" started-at="2020-08-08T11:45:05Z" finished-at="2020-08-08T11:45:05Z">
          <reporter-output>
          </reporter-output>
        </test-method> <!-- beforeClass -->
        <test-method status="PASS" signature="test1()[pri:0, instance:basicAnnotations.TestNGFirstClass@2669b199]" name="test1" duration-ms="18" started-at="2020-08-08T11:45:05Z" finished-at="2020-08-08T11:45:05Z">
          <reporter-output>
          </reporter-output>
        </test-method> <!-- test1 -->
        <test-method status="PASS" signature="beforeMethod()[pri:0, instance:basicAnnotations.TestNGFirstClass@2669b199]" name="beforeMethod" is-config="true" duration-ms="0" started-at="2020-08-08T11:45:05Z" finished-at="2020-08-08T11:45:05Z">
          <reporter-output>
          </reporter-output>
        </test-method> <!-- beforeMethod -->
        <test-method status="PASS" signature="afterMethod()[pri:0, instance:basicAnnotations.TestNGFirstClass@2669b199]" name="afterMethod" is-config="true" duration-ms="3" started-at="2020-08-08T11:45:05Z" finished-at="2020-08-08T11:45:05Z">
          <reporter-output>
          </reporter-output>
        </test-method> <!-- afterMethod -->
        <test-method status="PASS" signature="beforeMethod()[pri:0, instance:basicAnnotations.TestNGFirstClass@2669b199]" name="beforeMethod" is-config="true" duration-ms="4" started-at="2020-08-08T11:45:05Z" finished-at="2020-08-08T11:45:05Z">
          <reporter-output>
          </reporter-output>
        </test-method> <!-- beforeMethod -->
        <test-method status="PASS" signature="test2()[pri:0, instance:basicAnnotations.TestNGFirstClass@2669b199]" name="test2" duration-ms="16" started-at="2020-08-08T11:45:05Z" finished-at="2020-08-08T11:45:05Z">
          <reporter-output>
          </reporter-output>
        </test-method> <!-- test2 -->
        <test-method status="PASS" signature="afterMethod()[pri:0, instance:basicAnnotations.TestNGFirstClass@2669b199]" name="afterMethod" is-config="true" duration-ms="1" started-at="2020-08-08T11:45:05Z" finished-at="2020-08-08T11:45:05Z">
          <reporter-output>
          </reporter-output>
        </test-method> <!-- afterMethod -->
        <test-method status="PASS" signature="beforeMethod()[pri:0, instance:basicAnnotations.TestNGFirstClass@2669b199]" name="beforeMethod" is-config="true" duration-ms="0" started-at="2020-08-08T11:45:05Z" finished-at="2020-08-08T11:45:05Z">
          <reporter-output>
          </reporter-output>
        </test-method> <!-- beforeMethod -->
        <test-method status="PASS" signature="test3()[pri:0, instance:basicAnnotations.TestNGFirstClass@2669b199]" name="test3" duration-ms="6" started-at="2020-08-08T11:45:05Z" finished-at="2020-08-08T11:45:05Z">
          <reporter-output>
          </reporter-output>
        </test-method> <!-- test3 -->
        <test-method status="PASS" signature="afterClass()[pri:0, instance:basicAnnotations.TestNGFirstClass@2669b199]" name="afterClass" is-config="true" duration-ms="1" started-at="2020-08-08T11:45:05Z" finished-at="2020-08-08T11:45:05Z">
          <reporter-output>
          </reporter-output>
        </test-method> <!-- afterClass -->
        <test-method status="PASS" signature="afterMethod()[pri:0, instance:basicAnnotations.TestNGFirstClass@2669b199]" name="afterMethod" is-config="true" duration-ms="0" started-at="2020-08-08T11:45:05Z" finished-at="2020-08-08T11:45:05Z">
          <reporter-output>
          </reporter-output>
        </test-method> <!-- afterMethod -->
      </class> <!-- basicAnnotations.TestNGFirstClass -->
      <class name="basicAnnotations.TestNGClass2">
        <test-method status="PASS" signature="test1()[pri:0, instance:basicAnnotations.TestNGClass2@2344fc66]" name="test1" duration-ms="3" started-at="2020-08-08T11:45:05Z" finished-at="2020-08-08T11:45:05Z">
          <reporter-output>
          </reporter-output>
        </test-method> <!-- test1 -->
        <test-method status="PASS" signature="test2()[pri:0, instance:basicAnnotations.TestNGClass2@2344fc66]" name="test2" duration-ms="9" started-at="2020-08-08T11:45:05Z" finished-at="2020-08-08T11:45:05Z">
          <reporter-output>
          </reporter-output>
        </test-method> <!-- test2 -->
        <test-method status="PASS" signature="afterMethod()[pri:0, instance:basicAnnotations.TestNGClass2@2344fc66]" name="afterMethod" is-config="true" duration-ms="0" started-at="2020-08-08T11:45:05Z" finished-at="2020-08-08T11:45:05Z">
          <reporter-output>
          </reporter-output>
        </test-method> <!-- afterMethod -->
      </class> <!-- basicAnnotations.TestNGClass2 -->
    </test> <!-- Module 1 -->
    <test name="Module 2" duration-ms="47" started-at="2020-08-08T06:15:05Z" finished-at="2020-08-08T06:15:05Z">
      <class name="basicAnnotations.TestNGFirstClass">
        <test-method status="PASS" signature="beforeSuite()[pri:0, instance:basicAnnotations.TestNGFirstClass@2669b199]" name="beforeSuite" is-config="true" duration-ms="25" started-at="2020-08-08T11:45:05Z" finished-at="2020-08-08T11:45:05Z">
          <reporter-output>
          </reporter-output>
        </test-method> <!-- beforeSuite -->
        <test-method status="PASS" signature="afterSuite()[pri:0, instance:basicAnnotations.TestNGFirstClass@2669b199]" name="afterSuite" is-config="true" duration-ms="1" started-at="2020-08-08T11:45:05Z" finished-at="2020-08-08T11:45:05Z">
          <reporter-output>
          </reporter-output>
        </test-method> <!-- afterSuite -->
      </class> <!-- basicAnnotations.TestNGFirstClass -->
      <class name="basicAnnotations.TestNGClass3">
        <test-method status="PASS" signature="beforeMethod()[pri:0, instance:basicAnnotations.TestNGClass3@100fc185]" name="beforeMethod" is-config="true" duration-ms="1" started-at="2020-08-08T11:45:05Z" finished-at="2020-08-08T11:45:05Z">
          <reporter-output>
          </reporter-output>
        </test-method> <!-- beforeMethod -->
        <test-method status="PASS" signature="test1()[pri:0, instance:basicAnnotations.TestNGClass3@100fc185]" name="test1" duration-ms="3" started-at="2020-08-08T11:45:05Z" finished-at="2020-08-08T11:45:05Z">
          <reporter-output>
          </reporter-output>
        </test-method> <!-- test1 -->
        <test-method status="PASS" signature="test2()[pri:0, instance:basicAnnotations.TestNGClass3@100fc185]" name="test2" duration-ms="5" started-at="2020-08-08T11:45:05Z" finished-at="2020-08-08T11:45:05Z">
          <reporter-output>
          </reporter-output>
        </test-method> <!-- test2 -->
        <test-method status="PASS" signature="afterMethod()[pri:0, instance:basicAnnotations.TestNGClass3@100fc185]" name="afterMethod" is-config="true" duration-ms="2" started-at="2020-08-08T11:45:05Z" finished-at="2020-08-08T11:45:05Z">
          <reporter-output>
          </reporter-output>
        </test-method> <!-- afterMethod -->
      </class> <!-- basicAnnotations.TestNGClass3 -->
      <class name="basicAnnotations.TestNGClass4">
        <test-method status="PASS" signature="test1()[pri:0, instance:basicAnnotations.TestNGClass4@643b1d11]" name="test1" duration-ms="3" started-at="2020-08-08T11:45:05Z" finished-at="2020-08-08T11:45:05Z">
          <reporter-output>
          </reporter-output>
        </test-method> <!-- test1 -->
        <test-method status="PASS" signature="test2()[pri:0, instance:basicAnnotations.TestNGClass4@643b1d11]" name="test2" duration-ms="4" started-at="2020-08-08T11:45:05Z" finished-at="2020-08-08T11:45:05Z">
          <reporter-output>
          </reporter-output>
        </test-method> <!-- test2 -->
      </class> <!-- basicAnnotations.TestNGClass4 -->
    </test> <!-- Module 2 -->
  </suite> <!-- Suite -->
</testng-results>
