<?xml version="1.0" encoding="UTF-8"?>
<testng-results skipped="0" failed="0" total="3" passed="3">
  <reporter-output>
  </reporter-output>
  <suite name="Default suite" duration-ms="299" started-at="2020-08-09T02:53:59Z" finished-at="2020-08-09T02:53:59Z">
    <groups>
    </groups>
    <test name="Default test" duration-ms="299" started-at="2020-08-09T02:53:59Z" finished-at="2020-08-09T02:53:59Z">
      <class name="basicAnnotations.Class123">
        <test-method status="PASS" signature="trd()[pri:-24, instance:basicAnnotations.Class123@69d9c55]" name="trd" duration-ms="172" started-at="2020-08-09T08:23:59Z" finished-at="2020-08-09T08:23:59Z">
          <reporter-output>
          </reporter-output>
        </test-method> <!-- trd -->
        <test-method status="PASS" signature="spt()[pri:0, instance:basicAnnotations.Class123@69d9c55]" name="spt" duration-ms="3" started-at="2020-08-09T08:23:59Z" finished-at="2020-08-09T08:23:59Z">
          <reporter-output>
          </reporter-output>
        </test-method> <!-- spt -->
        <test-method status="PASS" signature="sst()[pri:0, instance:basicAnnotations.Class123@69d9c55]" name="sst" duration-ms="28" started-at="2020-08-09T08:23:59Z" finished-at="2020-08-09T08:23:59Z">
          <reporter-output>
          </reporter-output>
        </test-method> <!-- sst -->
      </class> <!-- basicAnnotations.Class123 -->
    </test> <!-- Default test -->
  </suite> <!-- Default suite -->
</testng-results>
