<?xml version="1.0" encoding="UTF-8"?>
<!-- Generated by org.testng.reporters.JUnitXMLReporter -->
<testsuite hostname="a" name="Default test" tests="5" failures="0" timestamp="8 Aug 2020 05:53:19 GMT" time="0.321" errors="0">
  <testcase name="test1" time="0.018" classname="basicAnnotations.TestNGClass2"/>
  <testcase name="test2" time="0.005" classname="basicAnnotations.TestNGClass2"/>
  <testcase name="test1" time="0.021" classname="basicAnnotations.TestNGFirstClass"/>
  <testcase name="test2" time="0.018" classname="basicAnnotations.TestNGFirstClass"/>
  <testcase name="test3" time="0.005" classname="basicAnnotations.TestNGFirstClass"/>
</testsuite> <!-- Default test -->
