<?xml version="1.0" encoding="UTF-8"?>
<testng-results skipped="0" failed="0" total="1" passed="1">
  <reporter-output>
  </reporter-output>
  <suite name="Default suite" duration-ms="8864" started-at="2020-08-23T07:41:51Z" finished-at="2020-08-23T07:42:00Z">
    <groups>
    </groups>
    <test name="Default test" duration-ms="8864" started-at="2020-08-23T07:41:51Z" finished-at="2020-08-23T07:42:00Z">
      <class name="apiTesting.Test_Delete">
        <test-method status="PASS" signature="test4()[pri:0, instance:apiTesting.Test_Delete@51efea79]" name="test4" duration-ms="8812" started-at="2020-08-23T13:11:51Z" finished-at="2020-08-23T13:12:00Z">
          <reporter-output>
          </reporter-output>
        </test-method> <!-- test4 -->
      </class> <!-- apiTesting.Test_Delete -->
    </test> <!-- Default test -->
  </suite> <!-- Default suite -->
</testng-results>
