<?xml version="1.0" encoding="UTF-8"?>
<testng-results skipped="0" failed="0" total="6" passed="6">
  <reporter-output>
  </reporter-output>
  <suite name="Suite" duration-ms="91002" started-at="2020-08-09T07:42:56Z" finished-at="2020-08-09T07:44:27Z">
    <groups>
    </groups>
    <test name="Test" duration-ms="91002" started-at="2020-08-09T07:42:56Z" finished-at="2020-08-09T07:44:27Z">
      <class name="testScripts.HomePage.HomePage">
        <test-method status="PASS" signature="initialize()[pri:0, instance:testScripts.HomePage.HomePage@cc285f4]" name="initialize" is-config="true" duration-ms="179" started-at="2020-08-09T13:12:56Z" finished-at="2020-08-09T13:12:56Z">
          <reporter-output>
          </reporter-output>
        </test-method> <!-- initialize -->
        <test-method status="PASS" signature="launchBrowser(java.lang.String)[pri:0, instance:testScripts.HomePage.HomePage@cc285f4]" name="launchBrowser" is-config="true" duration-ms="75715" started-at="2020-08-09T13:12:56Z" finished-at="2020-08-09T13:14:11Z">
          <params>
            <param index="0">
              <value>
                <![CDATA[Chrome]]>
              </value>
            </param>
          </params>
          <reporter-output>
          </reporter-output>
        </test-method> <!-- launchBrowser -->
        <test-method status="PASS" signature="verifyIsAutomobileVisible()[pri:0, instance:testScripts.HomePage.HomePage@cc285f4]" name="verifyIsAutomobileVisible" duration-ms="1008" started-at="2020-08-09T13:14:11Z" finished-at="2020-08-09T13:14:12Z">
          <reporter-output>
          </reporter-output>
        </test-method> <!-- verifyIsAutomobileVisible -->
        <test-method status="PASS" signature="verifyIsCamperVisible()[pri:0, instance:testScripts.HomePage.HomePage@cc285f4]" name="verifyIsCamperVisible" duration-ms="73" started-at="2020-08-09T13:14:13Z" finished-at="2020-08-09T13:14:13Z">
          <reporter-output>
          </reporter-output>
        </test-method> <!-- verifyIsCamperVisible -->
        <test-method status="PASS" signature="verifyIsMotorCycleVisible()[pri:0, instance:testScripts.HomePage.HomePage@cc285f4]" name="verifyIsMotorCycleVisible" duration-ms="51" started-at="2020-08-09T13:14:13Z" finished-at="2020-08-09T13:14:13Z">
          <reporter-output>
          </reporter-output>
        </test-method> <!-- verifyIsMotorCycleVisible -->
        <test-method status="PASS" signature="verifyIsTruckVisible()[pri:0, instance:testScripts.HomePage.HomePage@cc285f4]" name="verifyIsTruckVisible" duration-ms="40" started-at="2020-08-09T13:14:13Z" finished-at="2020-08-09T13:14:13Z">
          <reporter-output>
          </reporter-output>
        </test-method> <!-- verifyIsTruckVisible -->
        <test-method status="PASS" signature="verifyIsAutobileClickable()[pri:1, instance:testScripts.HomePage.HomePage@cc285f4]" name="verifyIsAutobileClickable" duration-ms="9176" started-at="2020-08-09T13:14:13Z" finished-at="2020-08-09T13:14:22Z">
          <reporter-output>
          </reporter-output>
        </test-method> <!-- verifyIsAutobileClickable -->
        <test-method status="PASS" signature="verifyIsTruckClickable()[pri:2, instance:testScripts.HomePage.HomePage@cc285f4]" name="verifyIsTruckClickable" duration-ms="3301" started-at="2020-08-09T13:14:22Z" finished-at="2020-08-09T13:14:25Z">
          <reporter-output>
          </reporter-output>
        </test-method> <!-- verifyIsTruckClickable -->
        <test-method status="PASS" signature="quitBrower()[pri:0, instance:testScripts.HomePage.HomePage@cc285f4]" name="quitBrower" is-config="true" duration-ms="1571" started-at="2020-08-09T13:14:25Z" finished-at="2020-08-09T13:14:27Z">
          <reporter-output>
          </reporter-output>
        </test-method> <!-- quitBrower -->
        <test-method status="PASS" signature="tearDown()[pri:0, instance:testScripts.HomePage.HomePage@cc285f4]" name="tearDown" is-config="true" duration-ms="1" started-at="2020-08-09T13:14:28Z" finished-at="2020-08-09T13:14:28Z">
          <reporter-output>
          </reporter-output>
        </test-method> <!-- tearDown -->
      </class> <!-- testScripts.HomePage.HomePage -->
    </test> <!-- Test -->
  </suite> <!-- Suite -->
</testng-results>
