<?xml version="1.0" encoding="UTF-8"?>
<!-- Generated by org.testng.reporters.JUnitXMLReporter -->
<testsuite hostname="a" name="Test" tests="6" failures="0" timestamp="9 Aug 2020 07:44:28 GMT" time="91.002" errors="0">
  <testcase name="verifyIsAutomobileVisible" time="1.008" classname="testScripts.HomePage.HomePage"/>
  <testcase name="verifyIsCamperVisible" time="0.073" classname="testScripts.HomePage.HomePage"/>
  <testcase name="verifyIsMotorCycleVisible" time="0.051" classname="testScripts.HomePage.HomePage"/>
  <testcase name="verifyIsTruckVisible" time="0.04" classname="testScripts.HomePage.HomePage"/>
  <testcase name="verifyIsAutobileClickable" time="9.176" classname="testScripts.HomePage.HomePage"/>
  <testcase name="verifyIsTruckClickable" time="3.301" classname="testScripts.HomePage.HomePage"/>
</testsuite> <!-- Test -->
