<?xml version="1.0" encoding="UTF-8"?>
<!-- Generated by org.testng.reporters.JUnitXMLReporter -->
<testsuite hostname="a" name="Test" tests="18" failures="18" timestamp="15 Aug 2020 10:37:41 GMT" time="205.887" errors="0">
  <testcase name="@AfterTest quitBrower" time="0.0" classname="testScripts.Motorcycle.SendQuote">
    <failure type="java.lang.NullPointerException">
      <![CDATA[java.lang.NullPointerException
	at testScripts.Motorcycle.SendQuote.quitBrower(SendQuote.java:80)
... Removed 23 stack frames]]>
    </failure>
  </testcase> <!-- @AfterTest quitBrower -->
  <testcase name="verifyIsSelectpriceoptionVisible" time="0.073" classname="testScripts.Motorcycle.SelectPriceOption">
    <failure type="java.lang.NullPointerException">
      <![CDATA[java.lang.NullPointerException
	at testScripts.Motorcycle.SelectPriceOption.verifyIsSelectpriceoptionVisible(SelectPriceOption.java:27)
... Removed 25 stack frames]]>
    </failure>
  </testcase> <!-- verifyIsSelectpriceoptionVisible -->
  <testcase name="verifyIsSelectpriceoptiontext" time="50.561" classname="testScripts.Motorcycle.SelectPriceOption">
    <failure type="java.lang.NullPointerException">
      <![CDATA[java.lang.NullPointerException
	at testScripts.Motorcycle.SelectPriceOption.verifyIsSelectpriceoptiontext(SelectPriceOption.java:50)
... Removed 25 stack frames]]>
    </failure>
  </testcase> <!-- verifyIsSelectpriceoptiontext -->
  <testcase name="verifyIsSelectpriceoptionClickable" time="0.006" classname="testScripts.Motorcycle.SelectPriceOption">
    <failure type="java.lang.NullPointerException">
      <![CDATA[java.lang.NullPointerException
	at testScripts.Motorcycle.SelectPriceOption.verifyIsSelectpriceoptionClickable(SelectPriceOption.java:65)
... Removed 25 stack frames]]>
    </failure>
  </testcase> <!-- verifyIsSelectpriceoptionClickable -->
  <testcase name="verifyIsSelectpriceoption1text" time="0.003" classname="testScripts.Motorcycle.SelectPriceOption">
    <failure type="java.lang.NullPointerException">
      <![CDATA[java.lang.NullPointerException
	at testScripts.Motorcycle.SelectPriceOption.verifyIsSelectpriceoption1text(SelectPriceOption.java:73)
... Removed 25 stack frames]]>
    </failure>
  </testcase> <!-- verifyIsSelectpriceoption1text -->
  <testcase name="verifyIsSelectpriceoption1Clickable" time="0.003" classname="testScripts.Motorcycle.SelectPriceOption">
    <failure type="java.lang.NullPointerException">
      <![CDATA[java.lang.NullPointerException
	at testScripts.Motorcycle.SelectPriceOption.verifyIsSelectpriceoption1Clickable(SelectPriceOption.java:81)
... Removed 25 stack frames]]>
    </failure>
  </testcase> <!-- verifyIsSelectpriceoption1Clickable -->
  <testcase name="enterandVerifySendQuotesPage" time="46.056" classname="testScripts.Motorcycle.SendQuote">
    <failure type="java.lang.NullPointerException">
      <![CDATA[java.lang.NullPointerException
	at testScripts.Motorcycle.SendQuote.enterandVerifySendQuotesPage(SendQuote.java:145)
... Removed 25 stack frames]]>
    </failure>
  </testcase> <!-- enterandVerifySendQuotesPage -->
  <testcase name="verifyIsCommentsVisible" time="0.002" classname="testScripts.Motorcycle.SendQuote">
    <failure type="java.lang.NullPointerException">
      <![CDATA[java.lang.NullPointerException
	at testScripts.Motorcycle.SendQuote.verifyIsCommentsVisible(SendQuote.java:110)
... Removed 25 stack frames]]>
    </failure>
  </testcase> <!-- verifyIsCommentsVisible -->
  <testcase name="verifyIsConfirmpasswordVisible" time="0.011" classname="testScripts.Motorcycle.SendQuote">
    <failure type="java.lang.NullPointerException">
      <![CDATA[java.lang.NullPointerException
	at testScripts.Motorcycle.SendQuote.verifyIsConfirmpasswordVisible(SendQuote.java:105)
... Removed 25 stack frames]]>
    </failure>
  </testcase> <!-- verifyIsConfirmpasswordVisible -->
  <testcase name="verifyIsEmailVisible" time="0.007" classname="testScripts.Motorcycle.SendQuote">
    <failure type="java.lang.NullPointerException">
      <![CDATA[java.lang.NullPointerException
	at testScripts.Motorcycle.SendQuote.verifyIsEmailVisible(SendQuote.java:85)
... Removed 25 stack frames]]>
    </failure>
  </testcase> <!-- verifyIsEmailVisible -->
  <testcase name="verifyIsMainpageVisible" time="0.004" classname="testScripts.Motorcycle.SendQuote">
    <failure type="java.lang.NullPointerException">
      <![CDATA[java.lang.NullPointerException
	at testScripts.Motorcycle.SendQuote.verifyIsMainpageVisible(SendQuote.java:125)
... Removed 25 stack frames]]>
    </failure>
  </testcase> <!-- verifyIsMainpageVisible -->
  <testcase name="verifyIsNewautomobileinsuranceVisible" time="0.005" classname="testScripts.Motorcycle.SendQuote">
    <failure type="java.lang.NullPointerException">
      <![CDATA[java.lang.NullPointerException
	at testScripts.Motorcycle.SendQuote.verifyIsNewautomobileinsuranceVisible(SendQuote.java:130)
... Removed 25 stack frames]]>
    </failure>
  </testcase> <!-- verifyIsNewautomobileinsuranceVisible -->
  <testcase name="verifyIsNewcamperinsuranceVisible" time="0.003" classname="testScripts.Motorcycle.SendQuote">
    <failure type="java.lang.NullPointerException">
      <![CDATA[java.lang.NullPointerException
	at testScripts.Motorcycle.SendQuote.verifyIsNewcamperinsuranceVisible(SendQuote.java:140)
... Removed 25 stack frames]]>
    </failure>
  </testcase> <!-- verifyIsNewcamperinsuranceVisible -->
  <testcase name="verifyIsNewtruckinsuranceVisible" time="0.002" classname="testScripts.Motorcycle.SendQuote">
    <failure type="java.lang.NullPointerException">
      <![CDATA[java.lang.NullPointerException
	at testScripts.Motorcycle.SendQuote.verifyIsNewtruckinsuranceVisible(SendQuote.java:135)
... Removed 25 stack frames]]>
    </failure>
  </testcase> <!-- verifyIsNewtruckinsuranceVisible -->
  <testcase name="verifyIsPasswordVisible" time="0.006" classname="testScripts.Motorcycle.SendQuote">
    <failure type="java.lang.NullPointerException">
      <![CDATA[java.lang.NullPointerException
	at testScripts.Motorcycle.SendQuote.verifyIsPasswordVisible(SendQuote.java:100)
... Removed 25 stack frames]]>
    </failure>
  </testcase> <!-- verifyIsPasswordVisible -->
  <testcase name="verifyIsPhoneVisible" time="0.003" classname="testScripts.Motorcycle.SendQuote">
    <failure type="java.lang.NullPointerException">
      <![CDATA[java.lang.NullPointerException
	at testScripts.Motorcycle.SendQuote.verifyIsPhoneVisible(SendQuote.java:90)
... Removed 25 stack frames]]>
    </failure>
  </testcase> <!-- verifyIsPhoneVisible -->
  <testcase name="verifyIsPrevVisible" time="0.005" classname="testScripts.Motorcycle.SendQuote">
    <failure type="java.lang.NullPointerException">
      <![CDATA[java.lang.NullPointerException
	at testScripts.Motorcycle.SendQuote.verifyIsPrevVisible(SendQuote.java:120)
... Removed 25 stack frames]]>
    </failure>
  </testcase> <!-- verifyIsPrevVisible -->
  <testcase name="verifyIsSendemailVisible" time="0.003" classname="testScripts.Motorcycle.SendQuote">
    <failure type="java.lang.NullPointerException">
      <![CDATA[java.lang.NullPointerException
	at testScripts.Motorcycle.SendQuote.verifyIsSendemailVisible(SendQuote.java:115)
... Removed 25 stack frames]]>
    </failure>
  </testcase> <!-- verifyIsSendemailVisible -->
  <testcase name="verifyIsUsernameVisible" time="0.002" classname="testScripts.Motorcycle.SendQuote">
    <failure type="java.lang.NullPointerException">
      <![CDATA[java.lang.NullPointerException
	at testScripts.Motorcycle.SendQuote.verifyIsUsernameVisible(SendQuote.java:95)
... Removed 25 stack frames]]>
    </failure>
  </testcase> <!-- verifyIsUsernameVisible -->
</testsuite> <!-- Test -->
