<?xml version="1.0" encoding="UTF-8"?>
<!-- Generated by org.testng.reporters.JUnitXMLReporter -->
<testsuite hostname="a" name="Default test" tests="3" failures="0" timestamp="8 Aug 2020 07:17:40 GMT" time="0.108" errors="0">
  <testcase name="login" time="0.023" classname="testNgAttributes.TestNGDataProvider"/>
  <testcase name="login" time="0.007" classname="testNgAttributes.TestNGDataProvider"/>
  <testcase name="login" time="0.007" classname="testNgAttributes.TestNGDataProvider"/>
</testsuite> <!-- Default test -->
